<?xml version="1.0" ?>
<LOG_ROOT>
	<PROJECT NAME="test-led">
	</PROJECT>
</LOG_ROOT>
